
*** Running vivado
    with args -log system_wrapper.vds -m64 -mode batch -messageDb vivado.pb -source system_wrapper.tcl


****** Vivado v2014.4 (64-bit)
  **** SW Build 1071353 on Tue Nov 18 16:47:07 MST 2014
  **** IP Build 1070531 on Tue Nov 18 01:10:18 MST 2014
    ** Copyright 1986-2014 Xilinx, Inc. All Rights Reserved.

source system_wrapper.tcl
# set_param gui.test TreeTableDev
# debug::add_scope template.lib 1
# set_msg_config -id {HDL 9-1061} -limit 100000
# set_msg_config -id {HDL 9-1654} -limit 100000
# create_project -in_memory -part xc7z010clg400-1
# set_param project.compositeFile.enableAutoGeneration 0
# set_param synth.vivado.isSynthRun true
# set_msg_config -id {IP_Flow 19-2162} -severity warning -new_severity info
# set_property webtalk.parent_dir /home/jlgutierrez/Development/zybo-zynq/workspace/zybo_base_system/source/vivado/hw/zybo_bsd/zybo_bsd.cache/wt [current_project]
# set_property parent.project_path /home/jlgutierrez/Development/zybo-zynq/workspace/zybo_base_system/source/vivado/hw/zybo_bsd/zybo_bsd.xpr [current_project]
# set_property default_lib xil_defaultlib [current_project]
# set_property target_language Verilog [current_project]
# set_property ip_repo_paths {
#   /home/jlgutierrez/Development/zybo-zynq/workspace/zybo_base_system/source/vivado/hw/ip_repo/myLED_1.0
#   /home/jlgutierrez/Development/zybo-zynq/workspace/zybo_base_system/source/vivado/hw/ip_repo/myLED_1.0
#   /home/jlgutierrez/Development/zybo-zynq/workspace/zybo_base_system/source/vivado/hw/lib
# } [current_project]
# add_files /home/jlgutierrez/Development/zybo-zynq/workspace/zybo_base_system/source/vivado/hw/zybo_bsd/zybo_bsd.srcs/sources_1/bd/system/system.bd
INFO: [IP_Flow 19-234] Refreshing IP repositories
INFO: [IP_Flow 19-1700] Loaded user IP repository '/home/jlgutierrez/Development/zybo-zynq/workspace/zybo_base_system/source/vivado/hw/ip_repo/myLED_1.0'.
WARNING: [IP_Flow 19-2207] Repository '/home/jlgutierrez/Development/zybo-zynq/workspace/zybo_base_system/source/vivado/hw/ip_repo/myLED_1.0' already exists; ignoring attempt to add it again.
INFO: [IP_Flow 19-1700] Loaded user IP repository '/home/jlgutierrez/Development/zybo-zynq/workspace/zybo_base_system/source/vivado/hw/ip_repo/myLED_1.0'.
INFO: [IP_Flow 19-1700] Loaded user IP repository '/home/jlgutierrez/Development/zybo-zynq/workspace/zybo_base_system/source/vivado/hw/lib'.
INFO: [IP_Flow 19-2313] Loaded Vivado IP repository '/home/Xilinx/Vivado/2014.4/data/ip'.
# set_property used_in_implementation false [get_files -all /home/jlgutierrez/Development/zybo-zynq/workspace/zybo_base_system/source/vivado/hw/zybo_bsd/zybo_bsd.srcs/sources_1/bd/system/ip/system_BTNs_4Bits_0/system_BTNs_4Bits_0_board.xdc]
# set_property used_in_implementation false [get_files -all /home/jlgutierrez/Development/zybo-zynq/workspace/zybo_base_system/source/vivado/hw/zybo_bsd/zybo_bsd.srcs/sources_1/bd/system/ip/system_BTNs_4Bits_0/system_BTNs_4Bits_0_ooc.xdc]
# set_property used_in_implementation false [get_files -all /home/jlgutierrez/Development/zybo-zynq/workspace/zybo_base_system/source/vivado/hw/zybo_bsd/zybo_bsd.srcs/sources_1/bd/system/ip/system_BTNs_4Bits_0/system_BTNs_4Bits_0.xdc]
# set_property used_in_implementation false [get_files -all /home/jlgutierrez/Development/zybo-zynq/workspace/zybo_base_system/source/vivado/hw/zybo_bsd/zybo_bsd.srcs/sources_1/bd/system/ip/system_SWs_4Bits_2/system_SWs_4Bits_2_board.xdc]
# set_property used_in_implementation false [get_files -all /home/jlgutierrez/Development/zybo-zynq/workspace/zybo_base_system/source/vivado/hw/zybo_bsd/zybo_bsd.srcs/sources_1/bd/system/ip/system_SWs_4Bits_2/system_SWs_4Bits_2_ooc.xdc]
# set_property used_in_implementation false [get_files -all /home/jlgutierrez/Development/zybo-zynq/workspace/zybo_base_system/source/vivado/hw/zybo_bsd/zybo_bsd.srcs/sources_1/bd/system/ip/system_SWs_4Bits_2/system_SWs_4Bits_2.xdc]
# set_property used_in_implementation false [get_files -all /home/jlgutierrez/Development/zybo-zynq/workspace/zybo_base_system/source/vivado/hw/zybo_bsd/zybo_bsd.srcs/sources_1/bd/system/ip/system_axi_protocol_converter_0_0/system_axi_protocol_converter_0_0_ooc.xdc]
# set_property used_in_implementation false [get_files -all /home/jlgutierrez/Development/zybo-zynq/workspace/zybo_base_system/source/vivado/hw/zybo_bsd/zybo_bsd.srcs/sources_1/bd/system/ip/system_axi_vdma_0_0/system_axi_vdma_0_0.xdc]
# set_property used_in_implementation false [get_files -all /home/jlgutierrez/Development/zybo-zynq/workspace/zybo_base_system/source/vivado/hw/zybo_bsd/zybo_bsd.srcs/sources_1/bd/system/ip/system_axi_vdma_0_0/system_axi_vdma_0_0_clocks.xdc]
# set_property used_in_implementation false [get_files -all /home/jlgutierrez/Development/zybo-zynq/workspace/zybo_base_system/source/vivado/hw/zybo_bsd/zybo_bsd.srcs/sources_1/bd/system/ip/system_axi_vdma_0_0/system_axi_vdma_0_0_ooc.xdc]
# set_property used_in_implementation false [get_files -all /home/jlgutierrez/Development/zybo-zynq/workspace/zybo_base_system/source/vivado/hw/zybo_bsd/zybo_bsd.srcs/sources_1/bd/system/ip/system_axi_vdma_1_1/system_axi_vdma_1_1.xdc]
# set_property used_in_implementation false [get_files -all /home/jlgutierrez/Development/zybo-zynq/workspace/zybo_base_system/source/vivado/hw/zybo_bsd/zybo_bsd.srcs/sources_1/bd/system/ip/system_axi_vdma_1_1/system_axi_vdma_1_1_clocks.xdc]
# set_property used_in_implementation false [get_files -all /home/jlgutierrez/Development/zybo-zynq/workspace/zybo_base_system/source/vivado/hw/zybo_bsd/zybo_bsd.srcs/sources_1/bd/system/ip/system_axi_vdma_1_1/system_axi_vdma_1_1_ooc.xdc]
# set_property used_in_implementation false [get_files -all /home/jlgutierrez/Development/zybo-zynq/workspace/zybo_base_system/source/vivado/hw/zybo_bsd/zybo_bsd.srcs/sources_1/bd/system/ip/system_processing_system7_0_0/system_processing_system7_0_0.xdc]
# set_property used_in_implementation false [get_files -all /home/jlgutierrez/Development/zybo-zynq/workspace/zybo_base_system/source/vivado/hw/zybo_bsd/zybo_bsd.srcs/sources_1/bd/system/ip/system_xbar_0/system_xbar_0_ooc.xdc]
# set_property used_in_implementation false [get_files -all /home/jlgutierrez/Development/zybo-zynq/workspace/zybo_base_system/source/vivado/hw/zybo_bsd/zybo_bsd.srcs/sources_1/bd/system/ip/system_xbar_1/system_xbar_1_ooc.xdc]
# set_property used_in_implementation false [get_files -all /home/jlgutierrez/Development/zybo-zynq/workspace/zybo_base_system/source/vivado/hw/zybo_bsd/zybo_bsd.srcs/sources_1/bd/system/ip/system_m00_regslice_0/system_m00_regslice_0_ooc.xdc]
# set_property used_in_implementation false [get_files -all /home/jlgutierrez/Development/zybo-zynq/workspace/zybo_base_system/source/vivado/hw/zybo_bsd/zybo_bsd.srcs/sources_1/bd/system/ip/system_m01_regslice_0/system_m01_regslice_0_ooc.xdc]
# set_property used_in_implementation false [get_files -all /home/jlgutierrez/Development/zybo-zynq/workspace/zybo_base_system/source/vivado/hw/zybo_bsd/zybo_bsd.srcs/sources_1/bd/system/ip/system_m02_regslice_0/system_m02_regslice_0_ooc.xdc]
# set_property used_in_implementation false [get_files -all /home/jlgutierrez/Development/zybo-zynq/workspace/zybo_base_system/source/vivado/hw/zybo_bsd/zybo_bsd.srcs/sources_1/bd/system/ip/system_m03_regslice_0/system_m03_regslice_0_ooc.xdc]
# set_property used_in_implementation false [get_files -all /home/jlgutierrez/Development/zybo-zynq/workspace/zybo_base_system/source/vivado/hw/zybo_bsd/zybo_bsd.srcs/sources_1/bd/system/ip/system_m04_regslice_0/system_m04_regslice_0_ooc.xdc]
# set_property used_in_implementation false [get_files -all /home/jlgutierrez/Development/zybo-zynq/workspace/zybo_base_system/source/vivado/hw/zybo_bsd/zybo_bsd.srcs/sources_1/bd/system/ip/system_m05_regslice_0/system_m05_regslice_0_ooc.xdc]
# set_property used_in_implementation false [get_files -all /home/jlgutierrez/Development/zybo-zynq/workspace/zybo_base_system/source/vivado/hw/zybo_bsd/zybo_bsd.srcs/sources_1/bd/system/ip/system_m06_regslice_0/system_m06_regslice_0_ooc.xdc]
# set_property used_in_implementation false [get_files -all /home/jlgutierrez/Development/zybo-zynq/workspace/zybo_base_system/source/vivado/hw/zybo_bsd/zybo_bsd.srcs/sources_1/bd/system/ip/system_m07_regslice_0/system_m07_regslice_0_ooc.xdc]
# set_property used_in_implementation false [get_files -all /home/jlgutierrez/Development/zybo-zynq/workspace/zybo_base_system/source/vivado/hw/zybo_bsd/zybo_bsd.srcs/sources_1/bd/system/ip/system_auto_pc_0/system_auto_pc_0_ooc.xdc]
# set_property used_in_implementation false [get_files -all /home/jlgutierrez/Development/zybo-zynq/workspace/zybo_base_system/source/vivado/hw/zybo_bsd/zybo_bsd.srcs/sources_1/bd/system/ip/system_s00_mmu_0/system_s00_mmu_0_ooc.xdc]
# set_property used_in_implementation false [get_files -all /home/jlgutierrez/Development/zybo-zynq/workspace/zybo_base_system/source/vivado/hw/zybo_bsd/zybo_bsd.srcs/sources_1/bd/system/system_ooc.xdc]
# set_property is_locked true [get_files /home/jlgutierrez/Development/zybo-zynq/workspace/zybo_base_system/source/vivado/hw/zybo_bsd/zybo_bsd.srcs/sources_1/bd/system/system.bd]
# read_verilog -library xil_defaultlib /home/jlgutierrez/Development/zybo-zynq/workspace/zybo_base_system/source/vivado/hw/zybo_bsd/zybo_bsd.srcs/sources_1/bd/system/hdl/system_wrapper.v
# read_xdc /home/jlgutierrez/Development/zybo-zynq/workspace/zybo_base_system/source/vivado/hw/zybo_bsd/zybo_bsd.srcs/constrs_1/new/base.xdc
# set_property used_in_implementation false [get_files /home/jlgutierrez/Development/zybo-zynq/workspace/zybo_base_system/source/vivado/hw/zybo_bsd/zybo_bsd.srcs/constrs_1/new/base.xdc]
# read_xdc dont_touch.xdc
# set_property used_in_implementation false [get_files dont_touch.xdc]
# catch { write_hwdef -file system_wrapper.hwdef }
# synth_design -top system_wrapper -part xc7z010clg400-1
Command: synth_design -top system_wrapper -part xc7z010clg400-1
Starting synth_design
Attempting to get a license for feature 'Synthesis' and/or device 'xc7z010'
WARNING: [Common 17-348] Failed to get the license for feature 'Synthesis' and/or device 'xc7z010'
0 Infos, 1 Warnings, 0 Critical Warnings and 1 Errors encountered.
synth_design failed
ERROR: [Common 17-345] A valid license was not found for feature 'Synthesis' and/or device 'xc7z010'. Please run the Vivado License Manager for assistance in determining
which features and devices are licensed for your system.
Resolution: Check the status of your licenses in the Vivado License Manager. For debug help search Xilinx Support for "Licensing FAQ". 

    while executing
"synth_design -top system_wrapper -part xc7z010clg400-1"
    (file "system_wrapper.tcl" line 60)
INFO: [Common 17-206] Exiting Vivado at Mon Mar  2 21:15:13 2015...
